[2025-06-04T20:16:50.895+0000] {local_task_job_runner.py:120} INFO - ::group::Pre task execution logs
[2025-06-04T20:16:50.939+0000] {taskinstance.py:2076} INFO - Dependencies all met for dep_context=non-requeueable deps ti=<TaskInstance: daily_batch_processing.run_spark_daily_batch_job manual__2025-06-04T20:16:49.761831+00:00 [queued]>
[2025-06-04T20:16:50.950+0000] {taskinstance.py:2076} INFO - Dependencies all met for dep_context=requeueable deps ti=<TaskInstance: daily_batch_processing.run_spark_daily_batch_job manual__2025-06-04T20:16:49.761831+00:00 [queued]>
[2025-06-04T20:16:50.951+0000] {taskinstance.py:2306} INFO - Starting attempt 1 of 1
[2025-06-04T20:16:50.969+0000] {taskinstance.py:2330} INFO - Executing <Task(BashOperator): run_spark_daily_batch_job> on 2025-06-04 20:16:49.761831+00:00
[2025-06-04T20:16:50.976+0000] {standard_task_runner.py:63} INFO - Started process 1191 to run task
[2025-06-04T20:16:50.980+0000] {standard_task_runner.py:90} INFO - Running: ['***', 'tasks', 'run', 'daily_batch_processing', 'run_spark_daily_batch_job', 'manual__2025-06-04T20:16:49.761831+00:00', '--job-id', '4', '--raw', '--subdir', 'DAGS_FOLDER/daily_batch_processing.py', '--cfg-path', '/tmp/tmpv3pinh7r']
[2025-06-04T20:16:50.982+0000] {standard_task_runner.py:91} INFO - Job 4: Subtask run_spark_daily_batch_job
[2025-06-04T20:16:51.044+0000] {task_command.py:426} INFO - Running <TaskInstance: daily_batch_processing.run_spark_daily_batch_job manual__2025-06-04T20:16:49.761831+00:00 [running]> on host d6ca7b7459c0
[2025-06-04T20:16:51.175+0000] {taskinstance.py:2648} INFO - Exporting env vars: AIRFLOW_CTX_DAG_OWNER='***' AIRFLOW_CTX_DAG_ID='daily_batch_processing' AIRFLOW_CTX_TASK_ID='run_spark_daily_batch_job' AIRFLOW_CTX_EXECUTION_DATE='2025-06-04T20:16:49.761831+00:00' AIRFLOW_CTX_TRY_NUMBER='1' AIRFLOW_CTX_DAG_RUN_ID='manual__2025-06-04T20:16:49.761831+00:00'
[2025-06-04T20:16:51.176+0000] {taskinstance.py:430} INFO - ::endgroup::
[2025-06-04T20:16:51.233+0000] {subprocess.py:63} INFO - Tmp dir root location: /tmp
[2025-06-04T20:16:51.234+0000] {subprocess.py:75} INFO - Running command: ['/usr/bin/bash', '-c', '\n            /opt/spark/bin/spark-submit                 --master spark://spark-master:7077                 --conf spark.hadoop.fs.s3a.endpoint=http://minio:9000                 --conf spark.hadoop.fs.s3a.access.key=minioadmin                 --conf spark.hadoop.fs.s3a.secret.key=minioadmin                 --conf spark.hadoop.fs.s3a.path.style.access=true                 --conf spark.hadoop.fs.s3a.impl=org.apache.hadoop.fs.s3a.S3AFileSystem                 --packages org.apache.spark:spark-sql-kafka-0-10_2.12:3.5.0,org.apache.hadoop:hadoop-aws:3.3.4,org.apache.iceberg:iceberg-spark-runtime-3.5_2.12:1.4.0,ru.yandex.clickhouse:clickhouse-jdbc:0.3.2                 /opt/***/spark_scripts/batch_processing_spark.py\n        ']
[2025-06-04T20:16:51.251+0000] {subprocess.py:86} INFO - Output:
[2025-06-04T20:16:54.209+0000] {subprocess.py:93} INFO - :: loading settings :: url = jar:file:/opt/spark/jars/ivy-2.5.1.jar!/org/apache/ivy/core/settings/ivysettings.xml
[2025-06-04T20:16:54.330+0000] {subprocess.py:93} INFO - Ivy Default Cache set to: /home/***/.ivy2/cache
[2025-06-04T20:16:54.331+0000] {subprocess.py:93} INFO - The jars for the packages stored in: /home/***/.ivy2/jars
[2025-06-04T20:16:54.337+0000] {subprocess.py:93} INFO - org.apache.spark#spark-sql-kafka-0-10_2.12 added as a dependency
[2025-06-04T20:16:54.338+0000] {subprocess.py:93} INFO - org.apache.hadoop#hadoop-aws added as a dependency
[2025-06-04T20:16:54.338+0000] {subprocess.py:93} INFO - org.apache.iceberg#iceberg-spark-runtime-3.5_2.12 added as a dependency
[2025-06-04T20:16:54.339+0000] {subprocess.py:93} INFO - ru.yandex.clickhouse#clickhouse-jdbc added as a dependency
[2025-06-04T20:16:54.339+0000] {subprocess.py:93} INFO - :: resolving dependencies :: org.apache.spark#spark-submit-parent-c05e8c7d-761e-4c29-85d5-b624e71c9292;1.0
[2025-06-04T20:16:54.340+0000] {subprocess.py:93} INFO - 	confs: [default]
[2025-06-04T20:16:58.325+0000] {subprocess.py:93} INFO - 	found org.apache.hadoop#hadoop-aws;3.3.4 in central
[2025-06-04T20:16:59.428+0000] {subprocess.py:93} INFO - 	found com.amazonaws#aws-java-sdk-bundle;1.12.262 in central
[2025-06-04T20:17:01.452+0000] {subprocess.py:93} INFO - 	found org.wildfly.openssl#wildfly-openssl;1.0.7.Final in central
[2025-06-04T20:17:01.731+0000] {subprocess.py:93} INFO - 	found org.apache.iceberg#iceberg-spark-runtime-3.5_2.12;1.4.0 in central
[2025-06-04T20:17:01.913+0000] {subprocess.py:93} INFO - 	found ru.yandex.clickhouse#clickhouse-jdbc;0.3.2 in central
[2025-06-04T20:17:02.118+0000] {subprocess.py:93} INFO - 	found com.clickhouse#clickhouse-http-client;0.3.2 in central
[2025-06-04T20:17:02.302+0000] {subprocess.py:93} INFO - 	found com.clickhouse#clickhouse-client;0.3.2 in central
[2025-06-04T20:17:02.388+0000] {subprocess.py:93} INFO - 	found org.lz4#lz4-java;1.8.0 in central
[2025-06-04T20:17:03.528+0000] {subprocess.py:93} INFO - 	found com.google.code.gson#gson;2.8.8 in central
[2025-06-04T20:17:05.212+0000] {subprocess.py:93} INFO - 	found org.apache.httpcomponents#httpclient;4.5.13 in central
[2025-06-04T20:17:05.863+0000] {subprocess.py:93} INFO - 	found org.apache.httpcomponents#httpcore;4.4.13 in central
[2025-06-04T20:17:06.514+0000] {subprocess.py:93} INFO - 	found commons-logging#commons-logging;1.2 in central
[2025-06-04T20:17:07.617+0000] {subprocess.py:93} INFO - 	found commons-codec#commons-codec;1.11 in central
[2025-06-04T20:17:09.808+0000] {subprocess.py:93} INFO - downloading https://repo1.maven.org/maven2/org/apache/iceberg/iceberg-spark-runtime-3.5_2.12/1.4.0/iceberg-spark-runtime-3.5_2.12-1.4.0.jar ...
[2025-06-04T20:17:40.784+0000] {subprocess.py:93} INFO - downloading https://repo1.maven.org/maven2/com/amazonaws/aws-java-sdk-bundle/1.12.262/aws-java-sdk-bundle-1.12.262.jar ...
[2025-06-04T20:22:36.399+0000] {subprocess.py:93} INFO - 	[SUCCESSFUL ] com.amazonaws#aws-java-sdk-bundle;1.12.262!aws-java-sdk-bundle.jar (295707ms)
[2025-06-04T20:22:36.475+0000] {subprocess.py:93} INFO - downloading https://repo1.maven.org/maven2/org/wildfly/openssl/wildfly-openssl/1.0.7.Final/wildfly-openssl-1.0.7.Final.jar ...
[2025-06-04T20:22:36.819+0000] {subprocess.py:93} INFO - 	[SUCCESSFUL ] org.wildfly.openssl#wildfly-openssl;1.0.7.Final!wildfly-openssl.jar (420ms)
[2025-06-04T20:22:36.906+0000] {subprocess.py:93} INFO - downloading https://repo1.maven.org/maven2/com/clickhouse/clickhouse-http-client/0.3.2/clickhouse-http-client-0.3.2.jar ...
[2025-06-04T20:22:37.026+0000] {subprocess.py:93} INFO - 	[SUCCESSFUL ] com.clickhouse#clickhouse-http-client;0.3.2!clickhouse-http-client.jar (206ms)
[2025-06-04T20:22:37.152+0000] {subprocess.py:93} INFO - downloading https://repo1.maven.org/maven2/com/google/code/gson/gson/2.8.8/gson-2.8.8.jar ...
[2025-06-04T20:22:37.379+0000] {subprocess.py:93} INFO - 	[SUCCESSFUL ] com.google.code.gson#gson;2.8.8!gson.jar (350ms)
[2025-06-04T20:22:37.467+0000] {subprocess.py:93} INFO - downloading https://repo1.maven.org/maven2/org/apache/httpcomponents/httpclient/4.5.13/httpclient-4.5.13.jar ...
[2025-06-04T20:22:38.137+0000] {subprocess.py:93} INFO - 	[SUCCESSFUL ] org.apache.httpcomponents#httpclient;4.5.13!httpclient.jar (757ms)
[2025-06-04T20:22:38.247+0000] {subprocess.py:93} INFO - downloading https://repo1.maven.org/maven2/com/clickhouse/clickhouse-client/0.3.2/clickhouse-client-0.3.2.jar ...
[2025-06-04T20:22:38.660+0000] {subprocess.py:93} INFO - 	[SUCCESSFUL ] com.clickhouse#clickhouse-client;0.3.2!clickhouse-client.jar (521ms)
[2025-06-04T20:22:38.740+0000] {subprocess.py:93} INFO - downloading https://repo1.maven.org/maven2/org/apache/httpcomponents/httpcore/4.4.13/httpcore-4.4.13.jar ...
[2025-06-04T20:22:39.087+0000] {subprocess.py:93} INFO - 	[SUCCESSFUL ] org.apache.httpcomponents#httpcore;4.4.13!httpcore.jar (425ms)
[2025-06-04T20:22:39.171+0000] {subprocess.py:93} INFO - downloading https://repo1.maven.org/maven2/commons-logging/commons-logging/1.2/commons-logging-1.2.jar ...
[2025-06-04T20:22:39.306+0000] {subprocess.py:93} INFO - 	[SUCCESSFUL ] commons-logging#commons-logging;1.2!commons-logging.jar (219ms)
[2025-06-04T20:22:39.388+0000] {subprocess.py:93} INFO - downloading https://repo1.maven.org/maven2/commons-codec/commons-codec/1.11/commons-codec-1.11.jar ...
[2025-06-04T20:22:39.691+0000] {subprocess.py:93} INFO - 	[SUCCESSFUL ] commons-codec#commons-codec;1.11!commons-codec.jar (383ms)
[2025-06-04T20:22:39.691+0000] {subprocess.py:93} INFO - :: resolution report :: resolve 14670ms :: artifacts dl 330682ms
[2025-06-04T20:22:39.691+0000] {subprocess.py:93} INFO - 	:: modules in use:
[2025-06-04T20:22:39.691+0000] {subprocess.py:93} INFO - 	com.amazonaws#aws-java-sdk-bundle;1.12.262 from central in [default]
[2025-06-04T20:22:39.692+0000] {subprocess.py:93} INFO - 	com.clickhouse#clickhouse-client;0.3.2 from central in [default]
[2025-06-04T20:22:39.692+0000] {subprocess.py:93} INFO - 	com.clickhouse#clickhouse-http-client;0.3.2 from central in [default]
[2025-06-04T20:22:39.692+0000] {subprocess.py:93} INFO - 	com.google.code.gson#gson;2.8.8 from central in [default]
[2025-06-04T20:22:39.693+0000] {subprocess.py:93} INFO - 	commons-codec#commons-codec;1.11 from central in [default]
[2025-06-04T20:22:39.693+0000] {subprocess.py:93} INFO - 	commons-logging#commons-logging;1.2 from central in [default]
[2025-06-04T20:22:39.693+0000] {subprocess.py:93} INFO - 	org.apache.hadoop#hadoop-aws;3.3.4 from central in [default]
[2025-06-04T20:22:39.693+0000] {subprocess.py:93} INFO - 	org.apache.httpcomponents#httpclient;4.5.13 from central in [default]
[2025-06-04T20:22:39.693+0000] {subprocess.py:93} INFO - 	org.apache.httpcomponents#httpcore;4.4.13 from central in [default]
[2025-06-04T20:22:39.693+0000] {subprocess.py:93} INFO - 	org.apache.iceberg#iceberg-spark-runtime-3.5_2.12;1.4.0 from central in [default]
[2025-06-04T20:22:39.694+0000] {subprocess.py:93} INFO - 	org.lz4#lz4-java;1.8.0 from central in [default]
[2025-06-04T20:22:39.694+0000] {subprocess.py:93} INFO - 	org.wildfly.openssl#wildfly-openssl;1.0.7.Final from central in [default]
[2025-06-04T20:22:39.694+0000] {subprocess.py:93} INFO - 	ru.yandex.clickhouse#clickhouse-jdbc;0.3.2 from central in [default]
[2025-06-04T20:22:39.694+0000] {subprocess.py:93} INFO - 	---------------------------------------------------------------------
[2025-06-04T20:22:39.694+0000] {subprocess.py:93} INFO - 	|                  |            modules            ||   artifacts   |
[2025-06-04T20:22:39.694+0000] {subprocess.py:93} INFO - 	|       conf       | number| search|dwnlded|evicted|| number|dwnlded|
[2025-06-04T20:22:39.695+0000] {subprocess.py:93} INFO - 	---------------------------------------------------------------------
[2025-06-04T20:22:39.695+0000] {subprocess.py:93} INFO - 	|      default     |   15  |   12  |   12  |   0   ||   13  |   9   |
[2025-06-04T20:22:39.695+0000] {subprocess.py:93} INFO - 	---------------------------------------------------------------------
[2025-06-04T20:22:39.698+0000] {subprocess.py:93} INFO - 
[2025-06-04T20:22:39.698+0000] {subprocess.py:93} INFO - :: problems summary ::
[2025-06-04T20:22:39.699+0000] {subprocess.py:93} INFO - :::: WARNINGS
[2025-06-04T20:22:39.699+0000] {subprocess.py:93} INFO - 	problem while downloading module descriptor: https://repo1.maven.org/maven2/org/apache/spark/spark-sql-kafka-0-10_2.12/3.5.0/spark-sql-kafka-0-10_2.12-3.5.0.pom: Downloaded file size (0) doesn't match expected Content Length (14867) for https://repo1.maven.org/maven2/org/apache/spark/spark-sql-kafka-0-10_2.12/3.5.0/spark-sql-kafka-0-10_2.12-3.5.0.pom. Please retry. (220ms)
[2025-06-04T20:22:39.700+0000] {subprocess.py:93} INFO - 
[2025-06-04T20:22:39.700+0000] {subprocess.py:93} INFO - 		module not found: org.apache.spark#spark-sql-kafka-0-10_2.12;3.5.0
[2025-06-04T20:22:39.700+0000] {subprocess.py:93} INFO - 
[2025-06-04T20:22:39.700+0000] {subprocess.py:93} INFO - 	==== local-m2-cache: tried
[2025-06-04T20:22:39.700+0000] {subprocess.py:93} INFO - 
[2025-06-04T20:22:39.700+0000] {subprocess.py:93} INFO - 	  file:/home/***/.m2/repository/org/apache/spark/spark-sql-kafka-0-10_2.12/3.5.0/spark-sql-kafka-0-10_2.12-3.5.0.pom
[2025-06-04T20:22:39.701+0000] {subprocess.py:93} INFO - 
[2025-06-04T20:22:39.701+0000] {subprocess.py:93} INFO - 	  -- artifact org.apache.spark#spark-sql-kafka-0-10_2.12;3.5.0!spark-sql-kafka-0-10_2.12.jar:
[2025-06-04T20:22:39.701+0000] {subprocess.py:93} INFO - 
[2025-06-04T20:22:39.701+0000] {subprocess.py:93} INFO - 	  file:/home/***/.m2/repository/org/apache/spark/spark-sql-kafka-0-10_2.12/3.5.0/spark-sql-kafka-0-10_2.12-3.5.0.jar
[2025-06-04T20:22:39.701+0000] {subprocess.py:93} INFO - 
[2025-06-04T20:22:39.702+0000] {subprocess.py:93} INFO - 	==== local-ivy-cache: tried
[2025-06-04T20:22:39.702+0000] {subprocess.py:93} INFO - 
[2025-06-04T20:22:39.702+0000] {subprocess.py:93} INFO - 	  /home/***/.ivy2/local/org.apache.spark/spark-sql-kafka-0-10_2.12/3.5.0/ivys/ivy.xml
[2025-06-04T20:22:39.702+0000] {subprocess.py:93} INFO - 
[2025-06-04T20:22:39.702+0000] {subprocess.py:93} INFO - 	  -- artifact org.apache.spark#spark-sql-kafka-0-10_2.12;3.5.0!spark-sql-kafka-0-10_2.12.jar:
[2025-06-04T20:22:39.702+0000] {subprocess.py:93} INFO - 
[2025-06-04T20:22:39.703+0000] {subprocess.py:93} INFO - 	  /home/***/.ivy2/local/org.apache.spark/spark-sql-kafka-0-10_2.12/3.5.0/jars/spark-sql-kafka-0-10_2.12.jar
[2025-06-04T20:22:39.703+0000] {subprocess.py:93} INFO - 
[2025-06-04T20:22:39.703+0000] {subprocess.py:93} INFO - 	==== central: tried
[2025-06-04T20:22:39.703+0000] {subprocess.py:93} INFO - 
[2025-06-04T20:22:39.703+0000] {subprocess.py:93} INFO - 	  https://repo1.maven.org/maven2/org/apache/spark/spark-sql-kafka-0-10_2.12/3.5.0/spark-sql-kafka-0-10_2.12-3.5.0.pom
[2025-06-04T20:22:39.703+0000] {subprocess.py:93} INFO - 
[2025-06-04T20:22:39.703+0000] {subprocess.py:93} INFO - 	==== spark-packages: tried
[2025-06-04T20:22:39.704+0000] {subprocess.py:93} INFO - 
[2025-06-04T20:22:39.704+0000] {subprocess.py:93} INFO - 	  https://repos.spark-packages.org/org/apache/spark/spark-sql-kafka-0-10_2.12/3.5.0/spark-sql-kafka-0-10_2.12-3.5.0.pom
[2025-06-04T20:22:39.704+0000] {subprocess.py:93} INFO - 
[2025-06-04T20:22:39.704+0000] {subprocess.py:93} INFO - 	  -- artifact org.apache.spark#spark-sql-kafka-0-10_2.12;3.5.0!spark-sql-kafka-0-10_2.12.jar:
[2025-06-04T20:22:39.704+0000] {subprocess.py:93} INFO - 
[2025-06-04T20:22:39.704+0000] {subprocess.py:93} INFO - 	  https://repos.spark-packages.org/org/apache/spark/spark-sql-kafka-0-10_2.12/3.5.0/spark-sql-kafka-0-10_2.12-3.5.0.jar
[2025-06-04T20:22:39.705+0000] {subprocess.py:93} INFO - 
[2025-06-04T20:22:39.705+0000] {subprocess.py:93} INFO - 	impossible to put metadata file in cache: https://repo1.maven.org/maven2/org/apache/commons/commons-parent/34/commons-parent-34.pom (34) (java.io.FileNotFoundException: /home/***/.ivy2/cache/org.apache.commons/commons-parent/ivy-34.xml.original (No such file or directory))
[2025-06-04T20:22:39.705+0000] {subprocess.py:93} INFO - 
[2025-06-04T20:22:39.705+0000] {subprocess.py:93} INFO - 	problem while downloading module descriptor: https://repo1.maven.org/maven2/org/apache/httpcomponents/httpmime/4.5.13/httpmime-4.5.13.pom: impossible to move part file to definitive one: /home/***/.ivy2/cache/org.apache.httpcomponents/httpmime/ivy-4.5.13.xml.original.part -> /home/***/.ivy2/cache/org.apache.httpcomponents/httpmime/ivy-4.5.13.xml.original (79ms)
[2025-06-04T20:22:39.706+0000] {subprocess.py:93} INFO - 
[2025-06-04T20:22:39.706+0000] {subprocess.py:93} INFO - 		module not found: org.apache.httpcomponents#httpmime;4.5.13
[2025-06-04T20:22:39.706+0000] {subprocess.py:93} INFO - 
[2025-06-04T20:22:39.706+0000] {subprocess.py:93} INFO - 	==== local-m2-cache: tried
[2025-06-04T20:22:39.706+0000] {subprocess.py:93} INFO - 
[2025-06-04T20:22:39.706+0000] {subprocess.py:93} INFO - 	  file:/home/***/.m2/repository/org/apache/httpcomponents/httpmime/4.5.13/httpmime-4.5.13.pom
[2025-06-04T20:22:39.707+0000] {subprocess.py:93} INFO - 
[2025-06-04T20:22:39.707+0000] {subprocess.py:93} INFO - 	  -- artifact org.apache.httpcomponents#httpmime;4.5.13!httpmime.jar:
[2025-06-04T20:22:39.707+0000] {subprocess.py:93} INFO - 
[2025-06-04T20:22:39.707+0000] {subprocess.py:93} INFO - 	  file:/home/***/.m2/repository/org/apache/httpcomponents/httpmime/4.5.13/httpmime-4.5.13.jar
[2025-06-04T20:22:39.707+0000] {subprocess.py:93} INFO - 
[2025-06-04T20:22:39.707+0000] {subprocess.py:93} INFO - 	==== local-ivy-cache: tried
[2025-06-04T20:22:39.708+0000] {subprocess.py:93} INFO - 
[2025-06-04T20:22:39.708+0000] {subprocess.py:93} INFO - 	  /home/***/.ivy2/local/org.apache.httpcomponents/httpmime/4.5.13/ivys/ivy.xml
[2025-06-04T20:22:39.708+0000] {subprocess.py:93} INFO - 
[2025-06-04T20:22:39.708+0000] {subprocess.py:93} INFO - 	  -- artifact org.apache.httpcomponents#httpmime;4.5.13!httpmime.jar:
[2025-06-04T20:22:39.708+0000] {subprocess.py:93} INFO - 
[2025-06-04T20:22:39.709+0000] {subprocess.py:93} INFO - 	  /home/***/.ivy2/local/org.apache.httpcomponents/httpmime/4.5.13/jars/httpmime.jar
[2025-06-04T20:22:39.709+0000] {subprocess.py:93} INFO - 
[2025-06-04T20:22:39.709+0000] {subprocess.py:93} INFO - 	==== central: tried
[2025-06-04T20:22:39.709+0000] {subprocess.py:93} INFO - 
[2025-06-04T20:22:39.709+0000] {subprocess.py:93} INFO - 	  https://repo1.maven.org/maven2/org/apache/httpcomponents/httpmime/4.5.13/httpmime-4.5.13.pom
[2025-06-04T20:22:39.710+0000] {subprocess.py:93} INFO - 
[2025-06-04T20:22:39.710+0000] {subprocess.py:93} INFO - 	==== spark-packages: tried
[2025-06-04T20:22:39.710+0000] {subprocess.py:93} INFO - 
[2025-06-04T20:22:39.710+0000] {subprocess.py:93} INFO - 	  https://repos.spark-packages.org/org/apache/httpcomponents/httpmime/4.5.13/httpmime-4.5.13.pom
[2025-06-04T20:22:39.710+0000] {subprocess.py:93} INFO - 
[2025-06-04T20:22:39.710+0000] {subprocess.py:93} INFO - 	  -- artifact org.apache.httpcomponents#httpmime;4.5.13!httpmime.jar:
[2025-06-04T20:22:39.711+0000] {subprocess.py:93} INFO - 
[2025-06-04T20:22:39.711+0000] {subprocess.py:93} INFO - 	  https://repos.spark-packages.org/org/apache/httpcomponents/httpmime/4.5.13/httpmime-4.5.13.jar
[2025-06-04T20:22:39.711+0000] {subprocess.py:93} INFO - 
[2025-06-04T20:22:39.711+0000] {subprocess.py:93} INFO - 		[FAILED     ] org.apache.iceberg#iceberg-spark-runtime-3.5_2.12;1.4.0!iceberg-spark-runtime-3.5_2.12.jar: Downloaded file size (0) doesn't match expected Content Length (29105539) for https://repo1.maven.org/maven2/org/apache/iceberg/iceberg-spark-runtime-3.5_2.12/1.4.0/iceberg-spark-runtime-3.5_2.12-1.4.0.jar. Please retry. (31678ms)
[2025-06-04T20:22:39.711+0000] {subprocess.py:93} INFO - 
[2025-06-04T20:22:39.712+0000] {subprocess.py:93} INFO - 		[FAILED     ] org.apache.iceberg#iceberg-spark-runtime-3.5_2.12;1.4.0!iceberg-spark-runtime-3.5_2.12.jar: Downloaded file size (0) doesn't match expected Content Length (29105539) for https://repo1.maven.org/maven2/org/apache/iceberg/iceberg-spark-runtime-3.5_2.12/1.4.0/iceberg-spark-runtime-3.5_2.12-1.4.0.jar. Please retry. (31678ms)
[2025-06-04T20:22:39.712+0000] {subprocess.py:93} INFO - 
[2025-06-04T20:22:39.712+0000] {subprocess.py:93} INFO - 	==== central: tried
[2025-06-04T20:22:39.712+0000] {subprocess.py:93} INFO - 
[2025-06-04T20:22:39.712+0000] {subprocess.py:93} INFO - 	  https://repo1.maven.org/maven2/org/apache/iceberg/iceberg-spark-runtime-3.5_2.12/1.4.0/iceberg-spark-runtime-3.5_2.12-1.4.0.jar
[2025-06-04T20:22:39.713+0000] {subprocess.py:93} INFO - 
[2025-06-04T20:22:39.713+0000] {subprocess.py:93} INFO - 		::::::::::::::::::::::::::::::::::::::::::::::
[2025-06-04T20:22:39.713+0000] {subprocess.py:93} INFO - 
[2025-06-04T20:22:39.713+0000] {subprocess.py:93} INFO - 		::          UNRESOLVED DEPENDENCIES         ::
[2025-06-04T20:22:39.713+0000] {subprocess.py:93} INFO - 
[2025-06-04T20:22:39.714+0000] {subprocess.py:93} INFO - 		::::::::::::::::::::::::::::::::::::::::::::::
[2025-06-04T20:22:39.714+0000] {subprocess.py:93} INFO - 
[2025-06-04T20:22:39.714+0000] {subprocess.py:93} INFO - 		:: org.apache.spark#spark-sql-kafka-0-10_2.12;3.5.0: not found
[2025-06-04T20:22:39.714+0000] {subprocess.py:93} INFO - 
[2025-06-04T20:22:39.714+0000] {subprocess.py:93} INFO - 		:: org.apache.httpcomponents#httpmime;4.5.13: not found
[2025-06-04T20:22:39.714+0000] {subprocess.py:93} INFO - 
[2025-06-04T20:22:39.715+0000] {subprocess.py:93} INFO - 		::::::::::::::::::::::::::::::::::::::::::::::
[2025-06-04T20:22:39.715+0000] {subprocess.py:93} INFO - 
[2025-06-04T20:22:39.715+0000] {subprocess.py:93} INFO - 
[2025-06-04T20:22:39.715+0000] {subprocess.py:93} INFO - 		::::::::::::::::::::::::::::::::::::::::::::::
[2025-06-04T20:22:39.715+0000] {subprocess.py:93} INFO - 
[2025-06-04T20:22:39.715+0000] {subprocess.py:93} INFO - 		::              FAILED DOWNLOADS            ::
[2025-06-04T20:22:39.716+0000] {subprocess.py:93} INFO - 
[2025-06-04T20:22:39.716+0000] {subprocess.py:93} INFO - 		:: ^ see resolution messages for details  ^ ::
[2025-06-04T20:22:39.716+0000] {subprocess.py:93} INFO - 
[2025-06-04T20:22:39.716+0000] {subprocess.py:93} INFO - 		::::::::::::::::::::::::::::::::::::::::::::::
[2025-06-04T20:22:39.716+0000] {subprocess.py:93} INFO - 
[2025-06-04T20:22:39.716+0000] {subprocess.py:93} INFO - 		:: org.apache.iceberg#iceberg-spark-runtime-3.5_2.12;1.4.0!iceberg-spark-runtime-3.5_2.12.jar
[2025-06-04T20:22:39.717+0000] {subprocess.py:93} INFO - 
[2025-06-04T20:22:39.717+0000] {subprocess.py:93} INFO - 		::::::::::::::::::::::::::::::::::::::::::::::
[2025-06-04T20:22:39.717+0000] {subprocess.py:93} INFO - 
[2025-06-04T20:22:39.717+0000] {subprocess.py:93} INFO - 
[2025-06-04T20:22:39.717+0000] {subprocess.py:93} INFO - 
[2025-06-04T20:22:39.717+0000] {subprocess.py:93} INFO - :: USE VERBOSE OR DEBUG MESSAGE LEVEL FOR MORE DETAILS
[2025-06-04T20:22:39.718+0000] {subprocess.py:93} INFO - Exception in thread "main" java.lang.RuntimeException: [unresolved dependency: org.apache.spark#spark-sql-kafka-0-10_2.12;3.5.0: not found, unresolved dependency: org.apache.httpcomponents#httpmime;4.5.13: not found, download failed: org.apache.iceberg#iceberg-spark-runtime-3.5_2.12;1.4.0!iceberg-spark-runtime-3.5_2.12.jar]
[2025-06-04T20:22:39.718+0000] {subprocess.py:93} INFO - 	at org.apache.spark.deploy.SparkSubmitUtils$.resolveMavenCoordinates(SparkSubmit.scala:1537)
[2025-06-04T20:22:39.718+0000] {subprocess.py:93} INFO - 	at org.apache.spark.util.DependencyUtils$.resolveMavenDependencies(DependencyUtils.scala:185)
[2025-06-04T20:22:39.718+0000] {subprocess.py:93} INFO - 	at org.apache.spark.deploy.SparkSubmit.prepareSubmitEnvironment(SparkSubmit.scala:334)
[2025-06-04T20:22:39.718+0000] {subprocess.py:93} INFO - 	at org.apache.spark.deploy.SparkSubmit.org$apache$spark$deploy$SparkSubmit$$runMain(SparkSubmit.scala:964)
[2025-06-04T20:22:39.718+0000] {subprocess.py:93} INFO - 	at org.apache.spark.deploy.SparkSubmit.doRunMain$1(SparkSubmit.scala:194)
[2025-06-04T20:22:39.719+0000] {subprocess.py:93} INFO - 	at org.apache.spark.deploy.SparkSubmit.submit(SparkSubmit.scala:217)
[2025-06-04T20:22:39.719+0000] {subprocess.py:93} INFO - 	at org.apache.spark.deploy.SparkSubmit.doSubmit(SparkSubmit.scala:91)
[2025-06-04T20:22:39.719+0000] {subprocess.py:93} INFO - 	at org.apache.spark.deploy.SparkSubmit$$anon$2.doSubmit(SparkSubmit.scala:1120)
[2025-06-04T20:22:39.719+0000] {subprocess.py:93} INFO - 	at org.apache.spark.deploy.SparkSubmit$.main(SparkSubmit.scala:1129)
[2025-06-04T20:22:39.719+0000] {subprocess.py:93} INFO - 	at org.apache.spark.deploy.SparkSubmit.main(SparkSubmit.scala)
[2025-06-04T20:22:39.748+0000] {subprocess.py:97} INFO - Command exited with return code 1
[2025-06-04T20:22:39.749+0000] {taskinstance.py:441} INFO - ::group::Post task execution logs
[2025-06-04T20:22:39.764+0000] {taskinstance.py:2905} ERROR - Task failed with exception
Traceback (most recent call last):
  File "/home/airflow/.local/lib/python3.9/site-packages/airflow/models/taskinstance.py", line 465, in _execute_task
    result = _execute_callable(context=context, **execute_callable_kwargs)
  File "/home/airflow/.local/lib/python3.9/site-packages/airflow/models/taskinstance.py", line 432, in _execute_callable
    return execute_callable(context=context, **execute_callable_kwargs)
  File "/home/airflow/.local/lib/python3.9/site-packages/airflow/models/baseoperator.py", line 401, in wrapper
    return func(self, *args, **kwargs)
  File "/home/airflow/.local/lib/python3.9/site-packages/airflow/operators/bash.py", line 243, in execute
    raise AirflowException(
airflow.exceptions.AirflowException: Bash command failed. The command returned a non-zero exit code 1.
[2025-06-04T20:22:39.769+0000] {taskinstance.py:1206} INFO - Marking task as FAILED. dag_id=daily_batch_processing, task_id=run_spark_daily_batch_job, run_id=manual__2025-06-04T20:16:49.761831+00:00, execution_date=20250604T201649, start_date=20250604T201650, end_date=20250604T202239
[2025-06-04T20:22:39.795+0000] {standard_task_runner.py:110} ERROR - Failed to execute job 4 for task run_spark_daily_batch_job (Bash command failed. The command returned a non-zero exit code 1.; 1191)
[2025-06-04T20:22:39.809+0000] {local_task_job_runner.py:240} INFO - Task exited with return code 1
[2025-06-04T20:22:39.830+0000] {taskinstance.py:3503} INFO - 0 downstream tasks scheduled from follow-on schedule check
[2025-06-04T20:22:39.834+0000] {local_task_job_runner.py:222} INFO - ::endgroup::
